(---------------------------------------------------------------------)
(                                                                     )
(    NC DRILL Log                                                     )
(                                                                     )
(    Drawing          : CHIP_v1_0_20151123.brd                        )
(    Software Version : 17.2S048                                      )
(    Date/Time        : Tue Oct 30 19:23:45 2018                      )
(                                                                     )
(---------------------------------------------------------------------)



 Processing NC Parameters file 'nc_param.txt' ...

 NC PARAMETERS
 -------------

 FORMAT   		2.5
 MACHINE-OFFSET		x:0.00000	y:0.00000   (inch)
 FEEDRATE		1
 COORDINATES		ABSOLUTE
 OUTPUT-UNITS		ENGLISH
 TOOL-ORDER		INCREASING
 REPEAT-CODES		YES
 SUPPRESS-LEAD-ZEROES	NO
 SUPPRESS-TRAIL-ZEROES	NO
 SUPPRESS-EQUAL		NO
 TOOL-SELECT		NO
 HEADER			none
 LEADER			12
 CODE			ASCII
 SEPARATE		NO
 SEPARATE-ROUTING	NO
 OPTIMIZE_DRILLING	NO
 ENHANCED_EXCELLON	NO
 SCALE			1.000000

 WARNING(SPMHMF-358): Design precision is the same as that of the drill output file data.
 WARNING(SPMHMF-359): Data rounding errors may still be possible.
 WARNING(SPMHMF-365): This design contains 2 slot holes that cannot be drilled.
 WARNING(SPMHMF-366): They can be processed by NC routing instead.


 Drill files being output to directory 'C:/Users/PiSupply/Downloads/CHIP-Hardware-master/CHIP[v1_0]' ...



     'CHIP_v1_0_20151123-1-6.drl' created for holes connecting TOP and BOTTOM
     ------------------------------------------------------------------------

           Num     Size      +/- Tolerance     Plating   Quantity

            1.   8.0000    2.0000/  2.0000      PLATED        645
            2.  10.0000    3.0000/  3.0000      PLATED         82
            3.  12.0000    0.0000/  0.0000      PLATED          1
            4.  12.0000    3.0000/  3.0000      PLATED         12
            5.  27.5600    2.9900/  2.9900      PLATED          2
            6.  27.6000    3.0000/  3.0000      PLATED          2
            7.  39.3700    3.0000/  3.0000      PLATED         80
            8.  90.5500    2.9900/  2.9900      PLATED          2
            9. 118.1100    2.9900/  2.9900      PLATED          1
           10.  23.6200    2.0100/  2.0100  NON_PLATED          2
           11.  55.1200    2.0100/  2.0100  NON_PLATED          1

     ---- Total holes:                                        830

     ---- Total head travel:              28.71 feet (8.75 meters)

